# JRE version: OpenJDK Runtime Environment Temurin-21.0.10+7 (21.0.10+7) (build 21.0.10+7-LTS)
# Java VM: OpenJDK 64-Bit Server VM Temurin-21.0.10+7 (21.0.10+7-LTS, mixed mode, sharing, tiered, compressed oops, compressed class ptrs, parallel gc, windows-amd64)
GC Precious Log:
 CardTable entry size: 512
 CPUs: 4 total, 4 available
 Memory: 7834M
 Large Page Support: Disabled
 NUMA Support: Disabled
 Compressed Oops: Enabled (32-bit)
 Alignments: Space 512K, Generation 512K, Heap 2M
 Heap Min Capacity: 100M
 Heap Initial Capacity: 100M
 Heap Max Capacity: 2G
 Pre-touch: Disabled
 Parallel Workers: 4
Heap:
 PSYoungGen      total 3584K, used 1165K [0x00000000d5580000, 0x00000000d5b00000, 0x0000000100000000)
  eden space 3072K, 29% used [0x00000000d5580000,0x00000000d5662ba8,0x00000000d5880000)
  from space 512K, 50% used [0x00000000d5a00000,0x00000000d5a40900,0x00000000d5a80000)
  to   space 512K, 0% used [0x00000000d5a80000,0x00000000d5a80000,0x00000000d5b00000)
 ParOldGen       total 854528K, used 854348K [0x0000000080000000, 0x00000000b4280000, 0x00000000d5580000)
  object space 854528K, 99% used [0x0000000080000000,0x00000000b4253178,0x00000000b4280000)
 Metaspace       used 76455K, committed 78016K, reserved 1179648K
  class space    used 8000K, committed 8704K, reserved 1048576K
GC Heap History (20 events):
Event: 2537.303 GC heap before
{Heap before GC invocations=1369 (full 3):
 PSYoungGen      total 4608K, used 3871K [0x00000000d5580000, 0x00000000d5b00000, 0x0000000100000000)
  eden space 3584K, 99% used [0x00000000d5580000,0x00000000d58ffff8,0x00000000d5900000)
  from space 1024K, 28% used [0x00000000d5900000,0x00000000d5948000,0x00000000d5a00000)
  to   space 512K, 0% used [0x00000000d5a80000,0x00000000d5a80000,0x00000000d5b00000)
 ParOldGen       total 848896K, used 848658K [0x0000000080000000, 0x00000000b3d00000, 0x00000000d5580000)
  object space 848896K, 99% used [0x0000000080000000,0x00000000b3cc4880,0x00000000b3d00000)
 Metaspace       used 76113K, committed 77568K, reserved 1179648K
  class space    used 7968K, committed 8640K, reserved 1048576K
}
Event: 2537.308 GC heap after
{Heap after GC invocations=1369 (full 3):
 PSYoungGen      total 4608K, used 500K [0x00000000d5580000, 0x00000000d5c00000, 0x0000000100000000)
  eden space 4096K, 0% used [0x00000000d5580000,0x00000000d5580000,0x00000000d5980000)
  from space 512K, 97% used [0x00000000d5a80000,0x00000000d5afd200,0x00000000d5b00000)
  to   space 1024K, 0% used [0x00000000d5980000,0x00000000d5980000,0x00000000d5a80000)
 ParOldGen       total 849408K, used 849042K [0x0000000080000000, 0x00000000b3d80000, 0x00000000d5580000)
  object space 849408K, 99% used [0x0000000080000000,0x00000000b3d24880,0x00000000b3d80000)
 Metaspace       used 76113K, committed 77568K, reserved 1179648K
  class space    used 7968K, committed 8640K, reserved 1048576K
}
Event: 2537.322 GC heap before
{Heap before GC invocations=1370 (full 3):
 PSYoungGen      total 4608K, used 4596K [0x00000000d5580000, 0x00000000d5c00000, 0x0000000100000000)
  eden space 4096K, 100% used [0x00000000d5580000,0x00000000d5980000,0x00000000d5980000)
  from space 512K, 97% used [0x00000000d5a80000,0x00000000d5afd200,0x00000000d5b00000)
  to   space 1024K, 0% used [0x00000000d5980000,0x00000000d5980000,0x00000000d5a80000)
 ParOldGen       total 849408K, used 849042K [0x0000000080000000, 0x00000000b3d80000, 0x00000000d5580000)
  object space 849408K, 99% used [0x0000000080000000,0x00000000b3d24880,0x00000000b3d80000)
 Metaspace       used 76116K, committed 77632K, reserved 1179648K
  class space    used 7968K, committed 8640K, reserved 1048576K
}
Event: 2537.326 GC heap after
{Heap after GC invocations=1370 (full 3):
 PSYoungGen      total 5120K, used 596K [0x00000000d5580000, 0x00000000d5c80000, 0x0000000100000000)
  eden space 4096K, 0% used [0x00000000d5580000,0x00000000d5580000,0x00000000d5980000)
  from space 1024K, 58% used [0x00000000d5980000,0x00000000d5a15200,0x00000000d5a80000)
  to   space 1024K, 0% used [0x00000000d5b80000,0x00000000d5b80000,0x00000000d5c80000)
 ParOldGen       total 849920K, used 849526K [0x0000000080000000, 0x00000000b3e00000, 0x00000000d5580000)
  object space 849920K, 99% used [0x0000000080000000,0x00000000b3d9da90,0x00000000b3e00000)
 Metaspace       used 76116K, committed 77632K, reserved 1179648K
  class space    used 7968K, committed 8640K, reserved 1048576K
}
Event: 2537.344 GC heap before
{Heap before GC invocations=1371 (full 3):
 PSYoungGen      total 5120K, used 4692K [0x00000000d5580000, 0x00000000d5c80000, 0x0000000100000000)
  eden space 4096K, 100% used [0x00000000d5580000,0x00000000d5980000,0x00000000d5980000)
  from space 1024K, 58% used [0x00000000d5980000,0x00000000d5a15200,0x00000000d5a80000)
  to   space 1024K, 0% used [0x00000000d5b80000,0x00000000d5b80000,0x00000000d5c80000)
 ParOldGen       total 849920K, used 849526K [0x0000000080000000, 0x00000000b3e00000, 0x00000000d5580000)
  object space 849920K, 99% used [0x0000000080000000,0x00000000b3d9da90,0x00000000b3e00000)
 Metaspace       used 76125K, committed 77632K, reserved 1179648K
  class space    used 7968K, committed 8640K, reserved 1048576K
}
Event: 2537.347 GC heap after
{Heap after GC invocations=1371 (full 3):
 PSYoungGen      total 5632K, used 196K [0x00000000d5580000, 0x00000000d5c00000, 0x0000000100000000)
  eden space 5120K, 0% used [0x00000000d5580000,0x00000000d5580000,0x00000000d5a80000)
  from space 512K, 38% used [0x00000000d5b80000,0x00000000d5bb1210,0x00000000d5c00000)
  to   space 512K, 0% used [0x00000000d5b00000,0x00000000d5b00000,0x00000000d5b80000)
 ParOldGen       total 849920K, used 849782K [0x0000000080000000, 0x00000000b3e00000, 0x00000000d5580000)
  object space 849920K, 99% used [0x0000000080000000,0x00000000b3ddda90,0x00000000b3e00000)
 Metaspace       used 76125K, committed 77632K, reserved 1179648K
  class space    used 7968K, committed 8640K, reserved 1048576K
}
Event: 2537.360 GC heap before
{Heap before GC invocations=1372 (full 3):
 PSYoungGen      total 5632K, used 4522K [0x00000000d5580000, 0x00000000d5c00000, 0x0000000100000000)
  eden space 5120K, 84% used [0x00000000d5580000,0x00000000d59b96b8,0x00000000d5a80000)
  from space 512K, 38% used [0x00000000d5b80000,0x00000000d5bb1210,0x00000000d5c00000)
  to   space 512K, 0% used [0x00000000d5b00000,0x00000000d5b00000,0x00000000d5b80000)
 ParOldGen       total 849920K, used 849782K [0x0000000080000000, 0x00000000b3e00000, 0x00000000d5580000)
  object space 849920K, 99% used [0x0000000080000000,0x00000000b3ddda90,0x00000000b3e00000)
 Metaspace       used 76126K, committed 77632K, reserved 1179648K
  class space    used 7968K, committed 8640K, reserved 1048576K
}
Event: 2537.362 GC heap after
{Heap after GC invocations=1372 (full 3):
 PSYoungGen      total 5632K, used 482K [0x00000000d5580000, 0x00000000d5c80000, 0x0000000100000000)
  eden space 5120K, 0% used [0x00000000d5580000,0x00000000d5580000,0x00000000d5a80000)
  from space 512K, 94% used [0x00000000d5b00000,0x00000000d5b78920,0x00000000d5b80000)
  to   space 1024K, 0% used [0x00000000d5b80000,0x00000000d5b80000,0x00000000d5c80000)
 ParOldGen       total 850432K, used 850099K [0x0000000080000000, 0x00000000b3e80000, 0x00000000d5580000)
  object space 850432K, 99% used [0x0000000080000000,0x00000000b3e2cca0,0x00000000b3e80000)
 Metaspace       used 76126K, committed 77632K, reserved 1179648K
  class space    used 7968K, committed 8640K, reserved 1048576K
}
Event: 2537.379 GC heap before
{Heap before GC invocations=1373 (full 3):
 PSYoungGen      total 5632K, used 5602K [0x00000000d5580000, 0x00000000d5c80000, 0x0000000100000000)
  eden space 5120K, 100% used [0x00000000d5580000,0x00000000d5a80000,0x00000000d5a80000)
  from space 512K, 94% used [0x00000000d5b00000,0x00000000d5b78920,0x00000000d5b80000)
  to   space 1024K, 0% used [0x00000000d5b80000,0x00000000d5b80000,0x00000000d5c80000)
 ParOldGen       total 850432K, used 850099K [0x0000000080000000, 0x00000000b3e80000, 0x00000000d5580000)
  object space 850432K, 99% used [0x0000000080000000,0x00000000b3e2cca0,0x00000000b3e80000)
 Metaspace       used 76126K, committed 77632K, reserved 1179648K
  class space    used 7968K, committed 8640K, reserved 1048576K
}
Event: 2537.383 GC heap after
{Heap after GC invocations=1373 (full 3):
 PSYoungGen      total 2560K, used 1008K [0x00000000d5580000, 0x00000000d6380000, 0x0000000100000000)
  eden space 1536K, 0% used [0x00000000d5580000,0x00000000d5580000,0x00000000d5700000)
  from space 1024K, 98% used [0x00000000d5b80000,0x00000000d5c7c160,0x00000000d5c80000)
  to   space 4608K, 0% used [0x00000000d5700000,0x00000000d5700000,0x00000000d5b80000)
 ParOldGen       total 852992K, used 852762K [0x0000000080000000, 0x00000000b4100000, 0x00000000d5580000)
  object space 852992K, 99% used [0x0000000080000000,0x00000000b40c6af0,0x00000000b4100000)
 Metaspace       used 76126K, committed 77632K, reserved 1179648K
  class space    used 7968K, committed 8640K, reserved 1048576K
}
Event: 2537.387 GC heap before
{Heap before GC invocations=1374 (full 3):
 PSYoungGen      total 2560K, used 2544K [0x00000000d5580000, 0x00000000d6380000, 0x0000000100000000)
  eden space 1536K, 100% used [0x00000000d5580000,0x00000000d5700000,0x00000000d5700000)
  from space 1024K, 98% used [0x00000000d5b80000,0x00000000d5c7c160,0x00000000d5c80000)
  to   space 4608K, 0% used [0x00000000d5700000,0x00000000d5700000,0x00000000d5b80000)
 ParOldGen       total 852992K, used 852762K [0x0000000080000000, 0x00000000b4100000, 0x00000000d5580000)
  object space 852992K, 99% used [0x0000000080000000,0x00000000b40c6af0,0x00000000b4100000)
 Metaspace       used 76126K, committed 77632K, reserved 1179648K
  class space    used 7968K, committed 8640K, reserved 1048576K
}
Event: 2537.389 GC heap after
{Heap after GC invocations=1374 (full 3):
 PSYoungGen      total 2048K, used 304K [0x00000000d5580000, 0x00000000d5c00000, 0x0000000100000000)
  eden space 1536K, 0% used [0x00000000d5580000,0x00000000d5580000,0x00000000d5700000)
  from space 512K, 59% used [0x00000000d5700000,0x00000000d574c010,0x00000000d5780000)
  to   space 1536K, 0% used [0x00000000d5a80000,0x00000000d5a80000,0x00000000d5c00000)
 ParOldGen       total 854016K, used 853748K [0x0000000080000000, 0x00000000b4200000, 0x00000000d5580000)
  object space 854016K, 99% used [0x0000000080000000,0x00000000b41bd168,0x00000000b4200000)
 Metaspace       used 76126K, committed 77632K, reserved 1179648K
  class space    used 7968K, committed 8640K, reserved 1048576K
}
Event: 2537.394 GC heap before
{Heap before GC invocations=1375 (full 3):
 PSYoungGen      total 2048K, used 1840K [0x00000000d5580000, 0x00000000d5c00000, 0x0000000100000000)
  eden space 1536K, 100% used [0x00000000d5580000,0x00000000d5700000,0x00000000d5700000)
  from space 512K, 59% used [0x00000000d5700000,0x00000000d574c010,0x00000000d5780000)
  to   space 1536K, 0% used [0x00000000d5a80000,0x00000000d5a80000,0x00000000d5c00000)
 ParOldGen       total 854016K, used 853748K [0x0000000080000000, 0x00000000b4200000, 0x00000000d5580000)
  object space 854016K, 99% used [0x0000000080000000,0x00000000b41bd168,0x00000000b4200000)
 Metaspace       used 76126K, committed 77632K, reserved 1179648K
  class space    used 7968K, committed 8640K, reserved 1048576K
}
Event: 2537.397 GC heap after
{Heap after GC invocations=1375 (full 3):
 PSYoungGen      total 2560K, used 224K [0x00000000d5580000, 0x00000000d5b00000, 0x0000000100000000)
  eden space 2048K, 0% used [0x00000000d5580000,0x00000000d5580000,0x00000000d5780000)
  from space 512K, 43% used [0x00000000d5a80000,0x00000000d5ab8000,0x00000000d5b00000)
  to   space 512K, 0% used [0x00000000d5a00000,0x00000000d5a00000,0x00000000d5a80000)
 ParOldGen       total 854528K, used 854020K [0x0000000080000000, 0x00000000b4280000, 0x00000000d5580000)
  object space 854528K, 99% used [0x0000000080000000,0x00000000b4201178,0x00000000b4280000)
 Metaspace       used 76126K, committed 77632K, reserved 1179648K
  class space    used 7968K, committed 8640K, reserved 1048576K
}
Event: 2537.401 GC heap before
{Heap before GC invocations=1376 (full 3):
 PSYoungGen      total 2560K, used 2272K [0x00000000d5580000, 0x00000000d5b00000, 0x0000000100000000)
  eden space 2048K, 100% used [0x00000000d5580000,0x00000000d5780000,0x00000000d5780000)
  from space 512K, 43% used [0x00000000d5a80000,0x00000000d5ab8000,0x00000000d5b00000)
  to   space 512K, 0% used [0x00000000d5a00000,0x00000000d5a00000,0x00000000d5a80000)
 ParOldGen       total 854528K, used 854020K [0x0000000080000000, 0x00000000b4280000, 0x00000000d5580000)
  object space 854528K, 99% used [0x0000000080000000,0x00000000b4201178,0x00000000b4280000)
 Metaspace       used 76126K, committed 77632K, reserved 1179648K
  class space    used 7968K, committed 8640K, reserved 1048576K
}
Event: 2537.405 GC heap after
{Heap after GC invocations=1376 (full 3):
 PSYoungGen      total 3072K, used 160K [0x00000000d5580000, 0x00000000d5b00000, 0x0000000100000000)
  eden space 2560K, 0% used [0x00000000d5580000,0x00000000d5580000,0x00000000d5800000)
  from space 512K, 31% used [0x00000000d5a00000,0x00000000d5a28000,0x00000000d5a80000)
  to   space 512K, 0% used [0x00000000d5a80000,0x00000000d5a80000,0x00000000d5b00000)
 ParOldGen       total 854528K, used 854228K [0x0000000080000000, 0x00000000b4280000, 0x00000000d5580000)
  object space 854528K, 99% used [0x0000000080000000,0x00000000b4235178,0x00000000b4280000)
 Metaspace       used 76126K, committed 77632K, reserved 1179648K
  class space    used 7968K, committed 8640K, reserved 1048576K
}
Event: 2711.715 GC heap before
{Heap before GC invocations=1377 (full 3):
 PSYoungGen      total 3072K, used 2720K [0x00000000d5580000, 0x00000000d5b00000, 0x0000000100000000)
  eden space 2560K, 100% used [0x00000000d5580000,0x00000000d5800000,0x00000000d5800000)
  from space 512K, 31% used [0x00000000d5a00000,0x00000000d5a28000,0x00000000d5a80000)
  to   space 512K, 0% used [0x00000000d5a80000,0x00000000d5a80000,0x00000000d5b00000)
 ParOldGen       total 854528K, used 854228K [0x0000000080000000, 0x00000000b4280000, 0x00000000d5580000)
  object space 854528K, 99% used [0x0000000080000000,0x00000000b4235178,0x00000000b4280000)
 Metaspace       used 76151K, committed 77696K, reserved 1179648K
  class space    used 7969K, committed 8640K, reserved 1048576K
}
Event: 2711.723 GC heap after
{Heap after GC invocations=1377 (full 3):
 PSYoungGen      total 3584K, used 96K [0x00000000d5580000, 0x00000000d5b00000, 0x0000000100000000)
  eden space 3072K, 0% used [0x00000000d5580000,0x00000000d5580000,0x00000000d5880000)
  from space 512K, 18% used [0x00000000d5a80000,0x00000000d5a98000,0x00000000d5b00000)
  to   space 512K, 0% used [0x00000000d5a00000,0x00000000d5a00000,0x00000000d5a80000)
 ParOldGen       total 854528K, used 854284K [0x0000000080000000, 0x00000000b4280000, 0x00000000d5580000)
  object space 854528K, 99% used [0x0000000080000000,0x00000000b4243178,0x00000000b4280000)
 Metaspace       used 76151K, committed 77696K, reserved 1179648K
  class space    used 7969K, committed 8640K, reserved 1048576K
}
Event: 4221.734 GC heap before
{Heap before GC invocations=1378 (full 3):
 PSYoungGen      total 3584K, used 3167K [0x00000000d5580000, 0x00000000d5b00000, 0x0000000100000000)
  eden space 3072K, 99% used [0x00000000d5580000,0x00000000d587ff00,0x00000000d5880000)
  from space 512K, 18% used [0x00000000d5a80000,0x00000000d5a98000,0x00000000d5b00000)
  to   space 512K, 0% used [0x00000000d5a00000,0x00000000d5a00000,0x00000000d5a80000)
 ParOldGen       total 854528K, used 854284K [0x0000000080000000, 0x00000000b4280000, 0x00000000d5580000)
  object space 854528K, 99% used [0x0000000080000000,0x00000000b4243178,0x00000000b4280000)
 Metaspace       used 76328K, committed 77888K, reserved 1179648K
  class space    used 7988K, committed 8704K, reserved 1048576K
}
Event: 4221.792 GC heap after
{Heap after GC invocations=1378 (full 3):
 PSYoungGen      total 3584K, used 258K [0x00000000d5580000, 0x00000000d5b00000, 0x0000000100000000)
  eden space 3072K, 0% used [0x00000000d5580000,0x00000000d5580000,0x00000000d5880000)
  from space 512K, 50% used [0x00000000d5a00000,0x00000000d5a40900,0x00000000d5a80000)
  to   space 512K, 0% used [0x00000000d5a80000,0x00000000d5a80000,0x00000000d5b00000)
 ParOldGen       total 854528K, used 854348K [0x0000000080000000, 0x00000000b4280000, 0x00000000d5580000)
  object space 854528K, 99% used [0x0000000080000000,0x00000000b4253178,0x00000000b4280000)
 Metaspace       used 76328K, committed 77888K, reserved 1179648K
  class space    used 7988K, committed 8704K, reserved 1048576K
}

